-------------------------------------------------------------------------------
Test set: example.project.TestBank
-------------------------------------------------------------------------------
Tests run: 1, Failures: 1, Errors: 0, Skipped: 0, Time elapsed: 0.019 s <<< FAILURE! - in example.project.TestBank
testBank_new  Time elapsed: 0.015 s  <<< FAILURE!
org.opentest4j.AssertionFailedError: 
	at example.project.TestBank.testBank_new(TestBank.java:60)

